13-Mar-2024 19:42:44.503 INFO [main] org.apache.catalina.startup.VersionLoggerListener.log Nombre de la versión del servidor: Apache Tomcat/10.1.19
13-Mar-2024 19:42:44.516 INFO [main] org.apache.catalina.startup.VersionLoggerListener.log Server built:                      Feb 14 2024 19:36:50 UTC
13-Mar-2024 19:42:44.516 INFO [main] org.apache.catalina.startup.VersionLoggerListener.log Número de versión de servidor:     10.1.19.0
13-Mar-2024 19:42:44.516 INFO [main] org.apache.catalina.startup.VersionLoggerListener.log OS Name:                           Windows 11
13-Mar-2024 19:42:44.517 INFO [main] org.apache.catalina.startup.VersionLoggerListener.log Versión de Systema Operativo:      10.0
13-Mar-2024 19:42:44.517 INFO [main] org.apache.catalina.startup.VersionLoggerListener.log Arquitectura:                      amd64
13-Mar-2024 19:42:44.517 INFO [main] org.apache.catalina.startup.VersionLoggerListener.log Java Home:                         C:\Program Files\Java\jdk-21
13-Mar-2024 19:42:44.518 INFO [main] org.apache.catalina.startup.VersionLoggerListener.log JVM Version:                       21.0.2+13-LTS-58
13-Mar-2024 19:42:44.518 INFO [main] org.apache.catalina.startup.VersionLoggerListener.log Vededor JVM:                       Oracle Corporation
13-Mar-2024 19:42:44.518 INFO [main] org.apache.catalina.startup.VersionLoggerListener.log CATALINA_BASE:                     C:\Users\alexi\Documents\Programacion Misc\apache-tomcat-10.1.19
13-Mar-2024 19:42:44.519 INFO [main] org.apache.catalina.startup.VersionLoggerListener.log CATALINA_HOME:                     C:\Users\alexi\Documents\Programacion Misc\apache-tomcat-10.1.19
13-Mar-2024 19:42:44.541 INFO [main] org.apache.catalina.startup.VersionLoggerListener.log Command line argument:             -Djava.util.logging.config.file=C:\Users\alexi\Documents\Programacion Misc\apache-tomcat-10.1.19\conf\logging.properties
13-Mar-2024 19:42:44.541 INFO [main] org.apache.catalina.startup.VersionLoggerListener.log Command line argument:             -Djava.util.logging.manager=org.apache.juli.ClassLoaderLogManager
13-Mar-2024 19:42:44.541 INFO [main] org.apache.catalina.startup.VersionLoggerListener.log Command line argument:             -Djdk.tls.ephemeralDHKeySize=2048
13-Mar-2024 19:42:44.542 INFO [main] org.apache.catalina.startup.VersionLoggerListener.log Command line argument:             -Djava.protocol.handler.pkgs=org.apache.catalina.webresources
13-Mar-2024 19:42:44.542 INFO [main] org.apache.catalina.startup.VersionLoggerListener.log Command line argument:             --add-opens=java.base/java.lang=ALL-UNNAMED
13-Mar-2024 19:42:44.542 INFO [main] org.apache.catalina.startup.VersionLoggerListener.log Command line argument:             --add-opens=java.base/java.io=ALL-UNNAMED
13-Mar-2024 19:42:44.542 INFO [main] org.apache.catalina.startup.VersionLoggerListener.log Command line argument:             --add-opens=java.base/java.util=ALL-UNNAMED
13-Mar-2024 19:42:44.543 INFO [main] org.apache.catalina.startup.VersionLoggerListener.log Command line argument:             --add-opens=java.base/java.util.concurrent=ALL-UNNAMED
13-Mar-2024 19:42:44.543 INFO [main] org.apache.catalina.startup.VersionLoggerListener.log Command line argument:             --add-opens=java.rmi/sun.rmi.transport=ALL-UNNAMED
13-Mar-2024 19:42:44.543 INFO [main] org.apache.catalina.startup.VersionLoggerListener.log Command line argument:             -Dcatalina.base=C:\Users\alexi\Documents\Programacion Misc\apache-tomcat-10.1.19
13-Mar-2024 19:42:44.543 INFO [main] org.apache.catalina.startup.VersionLoggerListener.log Command line argument:             -Dcatalina.home=C:\Users\alexi\Documents\Programacion Misc\apache-tomcat-10.1.19
13-Mar-2024 19:42:44.544 INFO [main] org.apache.catalina.startup.VersionLoggerListener.log Command line argument:             -Djava.io.tmpdir=C:\Users\alexi\Documents\Programacion Misc\apache-tomcat-10.1.19\temp
13-Mar-2024 19:42:44.564 INFO [main] org.apache.catalina.core.AprLifecycleListener.lifecycleEvent La biblioteca nativa de Apache Tomcat basada en ARP que permite un rendimiento óptimo en entornos de desarrollo no ha sido hallada en java.library.path: [C:\Program Files\Java\jdk-21\bin;C:\WINDOWS\Sun\Java\bin;C:\WINDOWS\system32;C:\WINDOWS;C:\Program Files\Common Files\Oracle\Java\javapath;C:\Program Files (x86)\Common Files\Oracle\Java\javapath;C:\WINDOWS\system32;C:\WINDOWS;C:\WINDOWS\System32\Wbem;C:\WINDOWS\System32\WindowsPowerShell\v1.0\;C:\WINDOWS\System32\OpenSSH\;C:\Program Files\Intel\WiFi\bin\;C:\Program Files\Common Files\Intel\WirelessCommon\;C:\Program Files\dotnet\;C:\Program Files (x86)\Windows Kits\10\Windows Performance Toolkit\;C:\Program Files\Git\cmd;C:\Program Files\MySQL\MySQL Shell 8.0\bin\;C:\Users\alexi\AppData\Local\Programs\Python\Python312\Scripts\;C:\Users\alexi\AppData\Local\Programs\Python\Python312\;C:\Users\alexi\AppData\Local\Microsoft\WindowsApps;C:\Users\alexi\AppData\Local\Programs\Microsoft VS Code\bin;C:\Users\alexi\AppData\Local\GitHubDesktop\bin;C:\Users\alexi\AppData\Local\Programs\oh-my-posh\bin;C:\Users\alexi\AppData\Local\gitkraken\bin;C:\Program Files\Neovim\bin;.]
13-Mar-2024 19:42:45.329 INFO [main] org.apache.coyote.AbstractProtocol.init Inicializando el manejador de protocolo ["http-nio-8080"]

13-Mar-2024 19:42:45.386 INFO [main] org.apache.catalina.startup.Catalina.load Server initialization in [1556] milliseconds
13-Mar-2024 19:42:45.538 INFO [main] org.apache.catalina.core.StandardService.startInternal Arrancando servicio [Catalina]
13-Mar-2024 19:42:45.539 INFO [main] org.apache.catalina.core.StandardEngine.startInternal Starting Servlet engine: [Apache Tomcat/10.1.19]
13-Mar-2024 19:42:45.574 INFO [main] org.apache.catalina.startup.HostConfig.deployDirectory Desplegando el directorio [C:\Users\alexi\Documents\Programacion Misc\apache-tomcat-10.1.19\webapps\docs] de la aplicación web
13-Mar-2024 19:42:46.366 INFO [main] org.apache.catalina.startup.HostConfig.deployDirectory Deployment of web application directory [C:\Users\alexi\Documents\Programacion Misc\apache-tomcat-10.1.19\webapps\docs] has finished in [787] ms
13-Mar-2024 19:42:46.367 INFO [main] org.apache.catalina.startup.HostConfig.deployDirectory Desplegando el directorio [C:\Users\alexi\Documents\Programacion Misc\apache-tomcat-10.1.19\webapps\examples] de la aplicación web
13-Mar-2024 19:42:47.485 INFO [main] org.apache.catalina.startup.HostConfig.deployDirectory Deployment of web application directory [C:\Users\alexi\Documents\Programacion Misc\apache-tomcat-10.1.19\webapps\examples] has finished in [1.118] ms
13-Mar-2024 19:42:47.485 INFO [main] org.apache.catalina.startup.HostConfig.deployDirectory Desplegando el directorio [C:\Users\alexi\Documents\Programacion Misc\apache-tomcat-10.1.19\webapps\host-manager] de la aplicación web
13-Mar-2024 19:42:47.598 INFO [main] org.apache.catalina.startup.HostConfig.deployDirectory Deployment of web application directory [C:\Users\alexi\Documents\Programacion Misc\apache-tomcat-10.1.19\webapps\host-manager] has finished in [113] ms
13-Mar-2024 19:42:47.599 INFO [main] org.apache.catalina.startup.HostConfig.deployDirectory Desplegando el directorio [C:\Users\alexi\Documents\Programacion Misc\apache-tomcat-10.1.19\webapps\manager] de la aplicación web
13-Mar-2024 19:42:47.698 INFO [main] org.apache.catalina.startup.HostConfig.deployDirectory Deployment of web application directory [C:\Users\alexi\Documents\Programacion Misc\apache-tomcat-10.1.19\webapps\manager] has finished in [99] ms
13-Mar-2024 19:42:47.700 INFO [main] org.apache.catalina.startup.HostConfig.deployDirectory Desplegando el directorio [C:\Users\alexi\Documents\Programacion Misc\apache-tomcat-10.1.19\webapps\ROOT] de la aplicación web
13-Mar-2024 19:42:47.764 INFO [main] org.apache.catalina.startup.HostConfig.deployDirectory Deployment of web application directory [C:\Users\alexi\Documents\Programacion Misc\apache-tomcat-10.1.19\webapps\ROOT] has finished in [63] ms
13-Mar-2024 19:42:47.773 INFO [main] org.apache.coyote.AbstractProtocol.start Starting ProtocolHandler ["http-nio-8080"]
13-Mar-2024 19:42:47.824 INFO [main] org.apache.catalina.startup.Catalina.start Server startup in [2432] milliseconds
13-Mar-2024 19:43:02.359 INFO [http-nio-8080-exec-9] org.apache.catalina.startup.HostConfig.deployDescriptor Desplieque del descriptor de configuración [C:\Users\alexi\Documents\Programacion Misc\apache-tomcat-10.1.19\conf\Catalina\localhost\pruebaTomcat.xml]
13-Mar-2024 19:43:02.362 WARNING [http-nio-8080-exec-9] org.apache.catalina.startup.HostConfig.deployDescriptor The path attribute with value [/pruebaTomcat] in deployment descriptor [C:\Users\alexi\Documents\Programacion Misc\apache-tomcat-10.1.19\conf\Catalina\localhost\pruebaTomcat.xml] has been ignored
13-Mar-2024 19:43:02.467 INFO [http-nio-8080-exec-9] org.apache.catalina.startup.HostConfig.deployDescriptor Deployment of deployment descriptor [C:\Users\alexi\Documents\Programacion Misc\apache-tomcat-10.1.19\conf\Catalina\localhost\pruebaTomcat.xml] has finished in [108] ms
13-Mar-2024 19:43:02.472 INFO [http-nio-8080-exec-10] org.apache.catalina.util.LifecycleBase.start The start() method was called on component [StandardEngine[Catalina].StandardHost[localhost].StandardContext[/pruebaTomcat]] after start() had already been called. The second call will be ignored.
13-Mar-2024 19:48:04.268 INFO [http-nio-8080-exec-4] org.apache.catalina.startup.HostConfig.undeploy Repliegue (undeploy) de la aplicación web que tiene como trayectoria de contexto [/pruebaTomcat]
13-Mar-2024 19:48:04.295 INFO [http-nio-8080-exec-9] org.apache.catalina.startup.HostConfig.deployDescriptor Desplieque del descriptor de configuración [C:\Users\alexi\Documents\Programacion Misc\apache-tomcat-10.1.19\conf\Catalina\localhost\pruebaTomcat.xml]
13-Mar-2024 19:48:04.297 WARNING [http-nio-8080-exec-9] org.apache.catalina.startup.HostConfig.deployDescriptor The path attribute with value [/pruebaTomcat] in deployment descriptor [C:\Users\alexi\Documents\Programacion Misc\apache-tomcat-10.1.19\conf\Catalina\localhost\pruebaTomcat.xml] has been ignored
13-Mar-2024 19:48:04.368 INFO [http-nio-8080-exec-9] org.apache.catalina.startup.HostConfig.deployDescriptor Deployment of deployment descriptor [C:\Users\alexi\Documents\Programacion Misc\apache-tomcat-10.1.19\conf\Catalina\localhost\pruebaTomcat.xml] has finished in [73] ms
13-Mar-2024 19:48:04.373 INFO [http-nio-8080-exec-2] org.apache.catalina.util.LifecycleBase.start The start() method was called on component [StandardEngine[Catalina].StandardHost[localhost].StandardContext[/pruebaTomcat]] after start() had already been called. The second call will be ignored.
13-Mar-2024 19:55:30.238 INFO [http-nio-8080-exec-16] org.apache.catalina.startup.HostConfig.undeploy Repliegue (undeploy) de la aplicación web que tiene como trayectoria de contexto [/pruebaTomcat]
13-Mar-2024 19:55:30.306 INFO [http-nio-8080-exec-14] org.apache.catalina.startup.HostConfig.deployDescriptor Desplieque del descriptor de configuración [C:\Users\alexi\Documents\Programacion Misc\apache-tomcat-10.1.19\conf\Catalina\localhost\pruebaTomcat.xml]
13-Mar-2024 19:55:30.311 WARNING [http-nio-8080-exec-14] org.apache.catalina.startup.HostConfig.deployDescriptor The path attribute with value [/pruebaTomcat] in deployment descriptor [C:\Users\alexi\Documents\Programacion Misc\apache-tomcat-10.1.19\conf\Catalina\localhost\pruebaTomcat.xml] has been ignored
13-Mar-2024 19:55:30.469 INFO [http-nio-8080-exec-14] org.apache.catalina.startup.HostConfig.deployDescriptor Deployment of deployment descriptor [C:\Users\alexi\Documents\Programacion Misc\apache-tomcat-10.1.19\conf\Catalina\localhost\pruebaTomcat.xml] has finished in [163] ms
13-Mar-2024 19:55:30.474 INFO [http-nio-8080-exec-20] org.apache.catalina.util.LifecycleBase.start The start() method was called on component [StandardEngine[Catalina].StandardHost[localhost].StandardContext[/pruebaTomcat]] after start() had already been called. The second call will be ignored.
13-Mar-2024 20:05:15.221 INFO [http-nio-8080-exec-28] org.apache.catalina.startup.HostConfig.undeploy Repliegue (undeploy) de la aplicación web que tiene como trayectoria de contexto [/pruebaTomcat]
13-Mar-2024 20:05:15.298 INFO [http-nio-8080-exec-22] org.apache.catalina.startup.HostConfig.deployDescriptor Desplieque del descriptor de configuración [C:\Users\alexi\Documents\Programacion Misc\apache-tomcat-10.1.19\conf\Catalina\localhost\pruebaTomcat.xml]
13-Mar-2024 20:05:15.302 WARNING [http-nio-8080-exec-22] org.apache.catalina.startup.HostConfig.deployDescriptor The path attribute with value [/pruebaTomcat] in deployment descriptor [C:\Users\alexi\Documents\Programacion Misc\apache-tomcat-10.1.19\conf\Catalina\localhost\pruebaTomcat.xml] has been ignored
13-Mar-2024 20:05:15.457 INFO [http-nio-8080-exec-22] org.apache.catalina.startup.HostConfig.deployDescriptor Deployment of deployment descriptor [C:\Users\alexi\Documents\Programacion Misc\apache-tomcat-10.1.19\conf\Catalina\localhost\pruebaTomcat.xml] has finished in [159] ms
13-Mar-2024 20:05:15.462 INFO [http-nio-8080-exec-30] org.apache.catalina.util.LifecycleBase.start The start() method was called on component [StandardEngine[Catalina].StandardHost[localhost].StandardContext[/pruebaTomcat]] after start() had already been called. The second call will be ignored.
13-Mar-2024 20:05:53.938 INFO [http-nio-8080-exec-33] org.apache.catalina.startup.HostConfig.undeploy Repliegue (undeploy) de la aplicación web que tiene como trayectoria de contexto [/pruebaTomcat]
13-Mar-2024 20:05:54.015 INFO [http-nio-8080-exec-31] org.apache.catalina.startup.HostConfig.deployDescriptor Desplieque del descriptor de configuración [C:\Users\alexi\Documents\Programacion Misc\apache-tomcat-10.1.19\conf\Catalina\localhost\pruebaTomcat.xml]
13-Mar-2024 20:05:54.018 WARNING [http-nio-8080-exec-31] org.apache.catalina.startup.HostConfig.deployDescriptor The path attribute with value [/pruebaTomcat] in deployment descriptor [C:\Users\alexi\Documents\Programacion Misc\apache-tomcat-10.1.19\conf\Catalina\localhost\pruebaTomcat.xml] has been ignored
13-Mar-2024 20:05:54.190 INFO [http-nio-8080-exec-31] org.apache.catalina.startup.HostConfig.deployDescriptor Deployment of deployment descriptor [C:\Users\alexi\Documents\Programacion Misc\apache-tomcat-10.1.19\conf\Catalina\localhost\pruebaTomcat.xml] has finished in [175] ms
13-Mar-2024 20:05:54.199 INFO [http-nio-8080-exec-30] org.apache.catalina.util.LifecycleBase.start The start() method was called on component [StandardEngine[Catalina].StandardHost[localhost].StandardContext[/pruebaTomcat]] after start() had already been called. The second call will be ignored.
13-Mar-2024 20:06:07.608 INFO [main] org.apache.catalina.core.StandardServer.await Se ha recibido un comando de apagado a través del puerto de apagado. Parando la instancia del Servidor.
13-Mar-2024 20:06:07.608 INFO [main] org.apache.coyote.AbstractProtocol.pause Pausing ProtocolHandler ["http-nio-8080"]
13-Mar-2024 20:06:07.614 INFO [main] org.apache.catalina.core.StandardService.stopInternal Parando servicio [Catalina]
13-Mar-2024 20:06:07.642 INFO [main] org.apache.coyote.AbstractProtocol.stop Stopping ProtocolHandler ["http-nio-8080"]
13-Mar-2024 20:06:07.654 INFO [main] org.apache.coyote.AbstractProtocol.destroy Destroying ProtocolHandler ["http-nio-8080"]
