22-Apr-2024 19:18:17.158 INFO [main] org.apache.catalina.startup.VersionLoggerListener.log Nombre de la versión del servidor: Apache Tomcat/10.1.19
22-Apr-2024 19:18:17.164 INFO [main] org.apache.catalina.startup.VersionLoggerListener.log Server built:                      Feb 14 2024 19:36:50 UTC
22-Apr-2024 19:18:17.164 INFO [main] org.apache.catalina.startup.VersionLoggerListener.log Número de versión de servidor:     10.1.19.0
22-Apr-2024 19:18:17.164 INFO [main] org.apache.catalina.startup.VersionLoggerListener.log OS Name:                           Windows 11
22-Apr-2024 19:18:17.164 INFO [main] org.apache.catalina.startup.VersionLoggerListener.log Versión de Systema Operativo:      10.0
22-Apr-2024 19:18:17.165 INFO [main] org.apache.catalina.startup.VersionLoggerListener.log Arquitectura:                      amd64
22-Apr-2024 19:18:17.165 INFO [main] org.apache.catalina.startup.VersionLoggerListener.log Java Home:                         C:\Program Files\Java\jdk-21
22-Apr-2024 19:18:17.165 INFO [main] org.apache.catalina.startup.VersionLoggerListener.log JVM Version:                       21.0.2+13-LTS-58
22-Apr-2024 19:18:17.165 INFO [main] org.apache.catalina.startup.VersionLoggerListener.log Vededor JVM:                       Oracle Corporation
22-Apr-2024 19:18:17.165 INFO [main] org.apache.catalina.startup.VersionLoggerListener.log CATALINA_BASE:                     C:\Users\alexi\Documents\ProgramacionHerramientas\apache-tomcat-10.1.19
22-Apr-2024 19:18:17.165 INFO [main] org.apache.catalina.startup.VersionLoggerListener.log CATALINA_HOME:                     C:\Users\alexi\Documents\ProgramacionHerramientas\apache-tomcat-10.1.19
22-Apr-2024 19:18:17.181 INFO [main] org.apache.catalina.startup.VersionLoggerListener.log Command line argument:             -Djava.util.logging.config.file=C:\Users\alexi\Documents\ProgramacionHerramientas\apache-tomcat-10.1.19\conf\logging.properties
22-Apr-2024 19:18:17.182 INFO [main] org.apache.catalina.startup.VersionLoggerListener.log Command line argument:             -Djava.util.logging.manager=org.apache.juli.ClassLoaderLogManager
22-Apr-2024 19:18:17.182 INFO [main] org.apache.catalina.startup.VersionLoggerListener.log Command line argument:             -Djdk.tls.ephemeralDHKeySize=2048
22-Apr-2024 19:18:17.182 INFO [main] org.apache.catalina.startup.VersionLoggerListener.log Command line argument:             -Djava.protocol.handler.pkgs=org.apache.catalina.webresources
22-Apr-2024 19:18:17.182 INFO [main] org.apache.catalina.startup.VersionLoggerListener.log Command line argument:             --add-opens=java.base/java.lang=ALL-UNNAMED
22-Apr-2024 19:18:17.182 INFO [main] org.apache.catalina.startup.VersionLoggerListener.log Command line argument:             --add-opens=java.base/java.io=ALL-UNNAMED
22-Apr-2024 19:18:17.183 INFO [main] org.apache.catalina.startup.VersionLoggerListener.log Command line argument:             --add-opens=java.base/java.util=ALL-UNNAMED
22-Apr-2024 19:18:17.183 INFO [main] org.apache.catalina.startup.VersionLoggerListener.log Command line argument:             --add-opens=java.base/java.util.concurrent=ALL-UNNAMED
22-Apr-2024 19:18:17.184 INFO [main] org.apache.catalina.startup.VersionLoggerListener.log Command line argument:             --add-opens=java.rmi/sun.rmi.transport=ALL-UNNAMED
22-Apr-2024 19:18:17.184 INFO [main] org.apache.catalina.startup.VersionLoggerListener.log Command line argument:             -Dcatalina.base=C:\Users\alexi\Documents\ProgramacionHerramientas\apache-tomcat-10.1.19
22-Apr-2024 19:18:17.184 INFO [main] org.apache.catalina.startup.VersionLoggerListener.log Command line argument:             -Dcatalina.home=C:\Users\alexi\Documents\ProgramacionHerramientas\apache-tomcat-10.1.19
22-Apr-2024 19:18:17.184 INFO [main] org.apache.catalina.startup.VersionLoggerListener.log Command line argument:             -Djava.io.tmpdir=C:\Users\alexi\Documents\ProgramacionHerramientas\apache-tomcat-10.1.19\temp
22-Apr-2024 19:18:17.204 INFO [main] org.apache.catalina.core.AprLifecycleListener.lifecycleEvent La biblioteca nativa de Apache Tomcat basada en ARP que permite un rendimiento óptimo en entornos de desarrollo no ha sido hallada en java.library.path: [C:\Program Files\Java\jdk-21\bin;C:\WINDOWS\Sun\Java\bin;C:\WINDOWS\system32;C:\WINDOWS;C:\Program Files\Common Files\Oracle\Java\javapath;C:\Program Files (x86)\Common Files\Oracle\Java\javapath;C:\WINDOWS\system32;C:\WINDOWS;C:\WINDOWS\System32\Wbem;C:\WINDOWS\System32\WindowsPowerShell\v1.0\;C:\WINDOWS\System32\OpenSSH\;C:\Program Files\Intel\WiFi\bin\;C:\Program Files\Common Files\Intel\WirelessCommon\;C:\Program Files\dotnet\;C:\Program Files\Git\cmd;C:\Program Files (x86)\Windows Kits\10\Windows Performance Toolkit\;C:\msys64\mingw64\bin;C:\Program Files\MySQL\MySQL Shell 8.0\bin\;C:\Users\alexi\AppData\Local\Programs\Python\Python312\Scripts\;C:\Users\alexi\AppData\Local\Programs\Python\Python312\;C:\Users\alexi\AppData\Local\Microsoft\WindowsApps;C:\Users\alexi\AppData\Local\GitHubDesktop\bin;C:\Users\alexi\AppData\Local\Programs\oh-my-posh\bin;C:\Users\alexi\AppData\Local\gitkraken\bin;C:\Program Files\Neovim\bin;C:\Users\alexi\AppData\Local\Programs\Microsoft VS Code\bin;C:\Users\alexi\.dotnet\tools;C:\Program Files\JetBrains\IntelliJ IDEA Community Edition 2024.1\bin;.]
22-Apr-2024 19:18:17.606 INFO [main] org.apache.coyote.AbstractProtocol.init Inicializando el manejador de protocolo ["http-nio-8080"]

22-Apr-2024 19:18:17.635 INFO [main] org.apache.catalina.startup.Catalina.load Server initialization in [778] milliseconds
22-Apr-2024 19:18:17.720 INFO [main] org.apache.catalina.core.StandardService.startInternal Arrancando servicio [Catalina]
22-Apr-2024 19:18:17.720 INFO [main] org.apache.catalina.core.StandardEngine.startInternal Starting Servlet engine: [Apache Tomcat/10.1.19]
22-Apr-2024 19:18:17.740 INFO [main] org.apache.catalina.startup.HostConfig.deployDescriptor Desplieque del descriptor de configuración [C:\Users\alexi\Documents\ProgramacionHerramientas\apache-tomcat-10.1.19\conf\Catalina\localhost\pruebaTomcat.xml]
22-Apr-2024 19:18:17.777 WARNING [main] org.apache.catalina.startup.HostConfig.deployDescriptor The path attribute with value [/pruebaTomcat] in deployment descriptor [C:\Users\alexi\Documents\ProgramacionHerramientas\apache-tomcat-10.1.19\conf\Catalina\localhost\pruebaTomcat.xml] has been ignored
22-Apr-2024 19:18:18.345 INFO [main] org.apache.catalina.startup.HostConfig.deployDescriptor Deployment of deployment descriptor [C:\Users\alexi\Documents\ProgramacionHerramientas\apache-tomcat-10.1.19\conf\Catalina\localhost\pruebaTomcat.xml] has finished in [601] ms
22-Apr-2024 19:18:18.346 INFO [main] org.apache.catalina.startup.HostConfig.deployDirectory Desplegando el directorio [C:\Users\alexi\Documents\ProgramacionHerramientas\apache-tomcat-10.1.19\webapps\docs] de la aplicación web
22-Apr-2024 19:18:18.398 INFO [main] org.apache.catalina.startup.HostConfig.deployDirectory Deployment of web application directory [C:\Users\alexi\Documents\ProgramacionHerramientas\apache-tomcat-10.1.19\webapps\docs] has finished in [52] ms
22-Apr-2024 19:18:18.399 INFO [main] org.apache.catalina.startup.HostConfig.deployDirectory Desplegando el directorio [C:\Users\alexi\Documents\ProgramacionHerramientas\apache-tomcat-10.1.19\webapps\examples] de la aplicación web
22-Apr-2024 19:18:19.378 INFO [main] org.apache.catalina.startup.HostConfig.deployDirectory Deployment of web application directory [C:\Users\alexi\Documents\ProgramacionHerramientas\apache-tomcat-10.1.19\webapps\examples] has finished in [979] ms
22-Apr-2024 19:18:19.378 INFO [main] org.apache.catalina.startup.HostConfig.deployDirectory Desplegando el directorio [C:\Users\alexi\Documents\ProgramacionHerramientas\apache-tomcat-10.1.19\webapps\host-manager] de la aplicación web
22-Apr-2024 19:18:19.444 INFO [main] org.apache.catalina.startup.HostConfig.deployDirectory Deployment of web application directory [C:\Users\alexi\Documents\ProgramacionHerramientas\apache-tomcat-10.1.19\webapps\host-manager] has finished in [65] ms
22-Apr-2024 19:18:19.444 INFO [main] org.apache.catalina.startup.HostConfig.deployDirectory Desplegando el directorio [C:\Users\alexi\Documents\ProgramacionHerramientas\apache-tomcat-10.1.19\webapps\manager] de la aplicación web
22-Apr-2024 19:18:19.511 INFO [main] org.apache.catalina.startup.HostConfig.deployDirectory Deployment of web application directory [C:\Users\alexi\Documents\ProgramacionHerramientas\apache-tomcat-10.1.19\webapps\manager] has finished in [67] ms
22-Apr-2024 19:18:19.513 INFO [main] org.apache.catalina.startup.HostConfig.deployDirectory Desplegando el directorio [C:\Users\alexi\Documents\ProgramacionHerramientas\apache-tomcat-10.1.19\webapps\ROOT] de la aplicación web
22-Apr-2024 19:18:19.551 INFO [main] org.apache.catalina.startup.HostConfig.deployDirectory Deployment of web application directory [C:\Users\alexi\Documents\ProgramacionHerramientas\apache-tomcat-10.1.19\webapps\ROOT] has finished in [38] ms
22-Apr-2024 19:18:19.556 INFO [main] org.apache.coyote.AbstractProtocol.start Starting ProtocolHandler ["http-nio-8080"]
22-Apr-2024 19:18:19.585 INFO [main] org.apache.catalina.startup.Catalina.start Server startup in [1947] milliseconds
22-Apr-2024 19:18:26.875 INFO [http-nio-8080-exec-7] org.apache.catalina.startup.HostConfig.deployDescriptor Desplieque del descriptor de configuración [C:\Users\alexi\Documents\ProgramacionHerramientas\apache-tomcat-10.1.19\conf\Catalina\localhost\PW1.xml]
22-Apr-2024 19:18:26.875 WARNING [http-nio-8080-exec-7] org.apache.catalina.startup.HostConfig.deployDescriptor The path attribute with value [/PW1] in deployment descriptor [C:\Users\alexi\Documents\ProgramacionHerramientas\apache-tomcat-10.1.19\conf\Catalina\localhost\PW1.xml] has been ignored
22-Apr-2024 19:18:29.095 INFO [http-nio-8080-exec-7] org.apache.jasper.servlet.TldScanner.scanJars Al menos un JAR, que se ha explorado buscando TLDs, aún no contenía TLDs. Activar historial de depuración para este historiador para una completa lista de los JARs que fueron explorados y de los que nos se halló TLDs. Saltarse JARs no necesarios durante la exploración puede dar lugar a una mejora de tiempo significativa en el arranque y compilación de JSP .
22-Apr-2024 19:18:29.100 INFO [http-nio-8080-exec-7] org.apache.catalina.startup.HostConfig.deployDescriptor Deployment of deployment descriptor [C:\Users\alexi\Documents\ProgramacionHerramientas\apache-tomcat-10.1.19\conf\Catalina\localhost\PW1.xml] has finished in [2.225] ms
22-Apr-2024 19:18:29.105 INFO [http-nio-8080-exec-8] org.apache.catalina.util.LifecycleBase.start The start() method was called on component [StandardEngine[Catalina].StandardHost[localhost].StandardContext[/PW1]] after start() had already been called. The second call will be ignored.
22-Apr-2024 19:23:02.957 WARNING [http-nio-8080-exec-2] org.apache.catalina.loader.WebappClassLoaderBase.clearReferencesJdbc La aplicación web [PW1] registró el conductor JDBC [com.mysql.cj.jdbc.Driver] pero falló al anular el registro mientras la aplicación web estaba parada. Para prevenir un fallo de memoria, se ha anulado el registro del conductor JDBC por la fuerza.
22-Apr-2024 19:23:02.958 WARNING [http-nio-8080-exec-2] org.apache.catalina.loader.WebappClassLoaderBase.clearReferencesThreads The web application [PW1] appears to have started a thread named [mysql-cj-abandoned-connection-cleanup] but has failed to stop it. This is very likely to create a memory leak. Stack trace of thread:
 java.base/jdk.internal.misc.Unsafe.park(Native Method)
 java.base/java.util.concurrent.locks.LockSupport.parkNanos(LockSupport.java:269)
 java.base/java.util.concurrent.locks.AbstractQueuedSynchronizer$ConditionObject.await(AbstractQueuedSynchronizer.java:1847)
 java.base/java.lang.ref.ReferenceQueue.await(ReferenceQueue.java:71)
 java.base/java.lang.ref.ReferenceQueue.remove0(ReferenceQueue.java:143)
 java.base/java.lang.ref.ReferenceQueue.remove(ReferenceQueue.java:218)
 com.mysql.cj.jdbc.AbandonedConnectionCleanupThread.run(AbandonedConnectionCleanupThread.java:85)
 java.base/java.util.concurrent.ThreadPoolExecutor.runWorker(ThreadPoolExecutor.java:1144)
 java.base/java.util.concurrent.ThreadPoolExecutor$Worker.run(ThreadPoolExecutor.java:642)
 java.base/java.lang.Thread.run(Thread.java:1583)
22-Apr-2024 19:23:03.475 INFO [http-nio-8080-exec-2] org.apache.catalina.startup.HostConfig.undeploy Repliegue (undeploy) de la aplicación web que tiene como trayectoria de contexto [/PW1]
22-Apr-2024 19:23:03.508 INFO [http-nio-8080-exec-1] org.apache.catalina.startup.HostConfig.deployDescriptor Desplieque del descriptor de configuración [C:\Users\alexi\Documents\ProgramacionHerramientas\apache-tomcat-10.1.19\conf\Catalina\localhost\PW1.xml]
22-Apr-2024 19:23:03.509 WARNING [http-nio-8080-exec-1] org.apache.catalina.startup.HostConfig.deployDescriptor The path attribute with value [/PW1] in deployment descriptor [C:\Users\alexi\Documents\ProgramacionHerramientas\apache-tomcat-10.1.19\conf\Catalina\localhost\PW1.xml] has been ignored
22-Apr-2024 19:23:06.197 INFO [http-nio-8080-exec-1] org.apache.jasper.servlet.TldScanner.scanJars Al menos un JAR, que se ha explorado buscando TLDs, aún no contenía TLDs. Activar historial de depuración para este historiador para una completa lista de los JARs que fueron explorados y de los que nos se halló TLDs. Saltarse JARs no necesarios durante la exploración puede dar lugar a una mejora de tiempo significativa en el arranque y compilación de JSP .
22-Apr-2024 19:23:06.201 INFO [http-nio-8080-exec-1] org.apache.catalina.startup.HostConfig.deployDescriptor Deployment of deployment descriptor [C:\Users\alexi\Documents\ProgramacionHerramientas\apache-tomcat-10.1.19\conf\Catalina\localhost\PW1.xml] has finished in [2.693] ms
22-Apr-2024 19:23:06.205 INFO [http-nio-8080-exec-5] org.apache.catalina.util.LifecycleBase.start The start() method was called on component [StandardEngine[Catalina].StandardHost[localhost].StandardContext[/PW1]] after start() had already been called. The second call will be ignored.
22-Apr-2024 19:23:06.790 INFO [mysql-cj-abandoned-connection-cleanup] org.apache.catalina.loader.WebappClassLoaderBase.checkStateForResourceLoading Acceso ilegal: esta instancia de aplicación web ya ha sido parada.  Could not load [].  La eventual traza de pila que sigue ha sido motivada por un error lanzado con motivos de depuración así como para intentar terminar el hilo que motivó el acceso ilegal y no tiene impacto funcional.
	java.lang.IllegalStateException: Acceso ilegal: esta instancia de aplicación web ya ha sido parada.  Could not load [].  La eventual traza de pila que sigue ha sido motivada por un error lanzado con motivos de depuración así como para intentar terminar el hilo que motivó el acceso ilegal y no tiene impacto funcional.
		at org.apache.catalina.loader.WebappClassLoaderBase.checkStateForResourceLoading(WebappClassLoaderBase.java:1373)
		at org.apache.catalina.loader.WebappClassLoaderBase.getResource(WebappClassLoaderBase.java:971)
		at com.mysql.cj.jdbc.AbandonedConnectionCleanupThread.checkThreadContextClassLoader(AbandonedConnectionCleanupThread.java:117)
		at com.mysql.cj.jdbc.AbandonedConnectionCleanupThread.run(AbandonedConnectionCleanupThread.java:84)
		at java.base/java.util.concurrent.ThreadPoolExecutor.runWorker(ThreadPoolExecutor.java:1144)
		at java.base/java.util.concurrent.ThreadPoolExecutor$Worker.run(ThreadPoolExecutor.java:642)
		at java.base/java.lang.Thread.run(Thread.java:1583)
22-Apr-2024 19:24:02.761 INFO [http-nio-8080-exec-10] org.apache.catalina.startup.HostConfig.undeploy Repliegue (undeploy) de la aplicación web que tiene como trayectoria de contexto [/PW1]
22-Apr-2024 19:24:02.791 INFO [http-nio-8080-exec-5] org.apache.catalina.startup.HostConfig.deployDescriptor Desplieque del descriptor de configuración [C:\Users\alexi\Documents\ProgramacionHerramientas\apache-tomcat-10.1.19\conf\Catalina\localhost\PW1.xml]
22-Apr-2024 19:24:02.791 WARNING [http-nio-8080-exec-5] org.apache.catalina.startup.HostConfig.deployDescriptor The path attribute with value [/PW1] in deployment descriptor [C:\Users\alexi\Documents\ProgramacionHerramientas\apache-tomcat-10.1.19\conf\Catalina\localhost\PW1.xml] has been ignored
22-Apr-2024 19:24:04.984 INFO [http-nio-8080-exec-5] org.apache.jasper.servlet.TldScanner.scanJars Al menos un JAR, que se ha explorado buscando TLDs, aún no contenía TLDs. Activar historial de depuración para este historiador para una completa lista de los JARs que fueron explorados y de los que nos se halló TLDs. Saltarse JARs no necesarios durante la exploración puede dar lugar a una mejora de tiempo significativa en el arranque y compilación de JSP .
22-Apr-2024 19:24:04.988 INFO [http-nio-8080-exec-5] org.apache.catalina.startup.HostConfig.deployDescriptor Deployment of deployment descriptor [C:\Users\alexi\Documents\ProgramacionHerramientas\apache-tomcat-10.1.19\conf\Catalina\localhost\PW1.xml] has finished in [2.197] ms
22-Apr-2024 19:24:04.994 INFO [http-nio-8080-exec-11] org.apache.catalina.util.LifecycleBase.start The start() method was called on component [StandardEngine[Catalina].StandardHost[localhost].StandardContext[/PW1]] after start() had already been called. The second call will be ignored.
22-Apr-2024 19:28:17.274 INFO [main] org.apache.catalina.core.StandardServer.await Se ha recibido un comando de apagado a través del puerto de apagado. Parando la instancia del Servidor.
22-Apr-2024 19:28:17.274 INFO [main] org.apache.coyote.AbstractProtocol.pause Pausing ProtocolHandler ["http-nio-8080"]
22-Apr-2024 19:28:17.278 INFO [main] org.apache.catalina.core.StandardService.stopInternal Parando servicio [Catalina]
22-Apr-2024 19:28:17.296 INFO [main] org.apache.coyote.AbstractProtocol.stop Stopping ProtocolHandler ["http-nio-8080"]
22-Apr-2024 19:28:17.307 INFO [main] org.apache.coyote.AbstractProtocol.destroy Destroying ProtocolHandler ["http-nio-8080"]
